-------------------------------------------------------------------------------
Test set: michal.wieczorek.carstore.Model.AppModelTest
-------------------------------------------------------------------------------
Tests run: 16, Failures: 16, Errors: 0, Skipped: 0, Time elapsed: 0.179 sec <<< FAILURE!
michal.wieczorek.carstore.Model.AppModelTest.testRemoveCustomerFromRaport()  Time elapsed: 0.041 sec  <<< FAILURE!
org.opentest4j.AssertionFailedError: The test case is a prototype.
	at org.junit.jupiter.api.AssertionUtils.fail(AssertionUtils.java:39)
	at org.junit.jupiter.api.Assertions.fail(Assertions.java:109)
	at michal.wieczorek.carstore.Model.AppModelTest.testRemoveCustomerFromRaport(AppModelTest.java:231)

michal.wieczorek.carstore.Model.AppModelTest.testAddCustomerToRaport()  Time elapsed: 0 sec  <<< FAILURE!
org.opentest4j.AssertionFailedError: The test case is a prototype.
	at org.junit.jupiter.api.AssertionUtils.fail(AssertionUtils.java:39)
	at org.junit.jupiter.api.Assertions.fail(Assertions.java:109)
	at michal.wieczorek.carstore.Model.AppModelTest.testAddCustomerToRaport(AppModelTest.java:218)

michal.wieczorek.carstore.Model.AppModelTest.testGetCarsA()  Time elapsed: 0.032 sec  <<< FAILURE!
org.opentest4j.AssertionFailedError: expected: <null> but was: <[michal.wieczorek.carstore.Model.Car.CarA@123a439b, michal.wieczorek.carstore.Model.Car.CarA@7de26db8, michal.wieczorek.carstore.Model.Car.CarA@1175e2db]>
	at org.junit.jupiter.api.AssertionUtils.fail(AssertionUtils.java:55)
	at org.junit.jupiter.api.AssertionUtils.failNotEqual(AssertionUtils.java:62)
	at org.junit.jupiter.api.AssertEquals.assertEquals(AssertEquals.java:182)
	at org.junit.jupiter.api.AssertEquals.assertEquals(AssertEquals.java:177)
	at org.junit.jupiter.api.Assertions.assertEquals(Assertions.java:1124)
	at michal.wieczorek.carstore.Model.AppModelTest.testGetCarsA(AppModelTest.java:54)

michal.wieczorek.carstore.Model.AppModelTest.testGetCarsB()  Time elapsed: 0.001 sec  <<< FAILURE!
org.opentest4j.AssertionFailedError: expected: <null> but was: <[michal.wieczorek.carstore.Model.Car.CarB@41a4555e, michal.wieczorek.carstore.Model.Car.CarB@3830f1c0, michal.wieczorek.carstore.Model.Car.CarB@39ed3c8d]>
	at org.junit.jupiter.api.AssertionUtils.fail(AssertionUtils.java:55)
	at org.junit.jupiter.api.AssertionUtils.failNotEqual(AssertionUtils.java:62)
	at org.junit.jupiter.api.AssertEquals.assertEquals(AssertEquals.java:182)
	at org.junit.jupiter.api.AssertEquals.assertEquals(AssertEquals.java:177)
	at org.junit.jupiter.api.Assertions.assertEquals(Assertions.java:1124)
	at michal.wieczorek.carstore.Model.AppModelTest.testGetCarsB(AppModelTest.java:68)

michal.wieczorek.carstore.Model.AppModelTest.testGetCarsC()  Time elapsed: 0.002 sec  <<< FAILURE!
org.opentest4j.AssertionFailedError: expected: <null> but was: <[michal.wieczorek.carstore.Model.Car.CarC@2d363fb3, michal.wieczorek.carstore.Model.Car.CarC@7d6f77cc, michal.wieczorek.carstore.Model.Car.CarC@5aaa6d82]>
	at org.junit.jupiter.api.AssertionUtils.fail(AssertionUtils.java:55)
	at org.junit.jupiter.api.AssertionUtils.failNotEqual(AssertionUtils.java:62)
	at org.junit.jupiter.api.AssertEquals.assertEquals(AssertEquals.java:182)
	at org.junit.jupiter.api.AssertEquals.assertEquals(AssertEquals.java:177)
	at org.junit.jupiter.api.Assertions.assertEquals(Assertions.java:1124)
	at michal.wieczorek.carstore.Model.AppModelTest.testGetCarsC(AppModelTest.java:82)

michal.wieczorek.carstore.Model.AppModelTest.testHandleLogin()  Time elapsed: 0.003 sec  <<< FAILURE!
java.lang.NullPointerException: Cannot invoke "java.util.ArrayList.get(int)" because "loginData" is null
	at michal.wieczorek.carstore.Model.AppModel.handleLogin(AppModel.java:132)
	at michal.wieczorek.carstore.Model.AppModelTest.testHandleLogin(AppModelTest.java:96)

michal.wieczorek.carstore.Model.AppModelTest.testCreateNewUser()  Time elapsed: 0.002 sec  <<< FAILURE!
java.lang.NullPointerException: Cannot invoke "java.util.ArrayList.get(int)" because "userAttributes" is null
	at michal.wieczorek.carstore.Model.AppModel.createNewUser(AppModel.java:182)
	at michal.wieczorek.carstore.Model.AppModelTest.testCreateNewUser(AppModelTest.java:111)

michal.wieczorek.carstore.Model.AppModelTest.testReserveCarA()  Time elapsed: 0.002 sec  <<< FAILURE!
org.opentest4j.AssertionFailedError: The test case is a prototype.
	at org.junit.jupiter.api.AssertionUtils.fail(AssertionUtils.java:39)
	at org.junit.jupiter.api.Assertions.fail(Assertions.java:109)
	at michal.wieczorek.carstore.Model.AppModelTest.testReserveCarA(AppModelTest.java:126)

michal.wieczorek.carstore.Model.AppModelTest.testReturnCarA()  Time elapsed: 0.001 sec  <<< FAILURE!
org.opentest4j.AssertionFailedError: The test case is a prototype.
	at org.junit.jupiter.api.AssertionUtils.fail(AssertionUtils.java:39)
	at org.junit.jupiter.api.Assertions.fail(Assertions.java:109)
	at michal.wieczorek.carstore.Model.AppModelTest.testReturnCarA(AppModelTest.java:139)

michal.wieczorek.carstore.Model.AppModelTest.testReserveCarB()  Time elapsed: 0.001 sec  <<< FAILURE!
org.opentest4j.AssertionFailedError: The test case is a prototype.
	at org.junit.jupiter.api.AssertionUtils.fail(AssertionUtils.java:39)
	at org.junit.jupiter.api.Assertions.fail(Assertions.java:109)
	at michal.wieczorek.carstore.Model.AppModelTest.testReserveCarB(AppModelTest.java:152)

michal.wieczorek.carstore.Model.AppModelTest.testReturnCarB()  Time elapsed: 0.001 sec  <<< FAILURE!
org.opentest4j.AssertionFailedError: The test case is a prototype.
	at org.junit.jupiter.api.AssertionUtils.fail(AssertionUtils.java:39)
	at org.junit.jupiter.api.Assertions.fail(Assertions.java:109)
	at michal.wieczorek.carstore.Model.AppModelTest.testReturnCarB(AppModelTest.java:165)

michal.wieczorek.carstore.Model.AppModelTest.testReserveCarC()  Time elapsed: 0.001 sec  <<< FAILURE!
org.opentest4j.AssertionFailedError: The test case is a prototype.
	at org.junit.jupiter.api.AssertionUtils.fail(AssertionUtils.java:39)
	at org.junit.jupiter.api.Assertions.fail(Assertions.java:109)
	at michal.wieczorek.carstore.Model.AppModelTest.testReserveCarC(AppModelTest.java:178)

michal.wieczorek.carstore.Model.AppModelTest.testGetCurrentUser()  Time elapsed: 0.002 sec  <<< FAILURE!
org.opentest4j.AssertionFailedError: expected: <null> but was: <michal.wieczorek.carstore.Model.User.User@16b3fc9e>
	at org.junit.jupiter.api.AssertionUtils.fail(AssertionUtils.java:55)
	at org.junit.jupiter.api.AssertionUtils.failNotEqual(AssertionUtils.java:62)
	at org.junit.jupiter.api.AssertEquals.assertEquals(AssertEquals.java:182)
	at org.junit.jupiter.api.AssertEquals.assertEquals(AssertEquals.java:177)
	at org.junit.jupiter.api.Assertions.assertEquals(Assertions.java:1124)
	at michal.wieczorek.carstore.Model.AppModelTest.testGetCurrentUser(AppModelTest.java:203)

michal.wieczorek.carstore.Model.AppModelTest.testGenerateRaport()  Time elapsed: 0.077 sec  <<< FAILURE!
org.opentest4j.AssertionFailedError: The test case is a prototype.
	at org.junit.jupiter.api.AssertionUtils.fail(AssertionUtils.java:39)
	at org.junit.jupiter.api.Assertions.fail(Assertions.java:109)
	at michal.wieczorek.carstore.Model.AppModelTest.testGenerateRaport(AppModelTest.java:243)

michal.wieczorek.carstore.Model.AppModelTest.testReturnCarC()  Time elapsed: 0.001 sec  <<< FAILURE!
org.opentest4j.AssertionFailedError: The test case is a prototype.
	at org.junit.jupiter.api.AssertionUtils.fail(AssertionUtils.java:39)
	at org.junit.jupiter.api.Assertions.fail(Assertions.java:109)
	at michal.wieczorek.carstore.Model.AppModelTest.testReturnCarC(AppModelTest.java:191)

michal.wieczorek.carstore.Model.AppModelTest.testGetRaportsList()  Time elapsed: 0.002 sec  <<< FAILURE!
org.opentest4j.AssertionFailedError: expected: <null> but was: <[]>
	at org.junit.jupiter.api.AssertionUtils.fail(AssertionUtils.java:55)
	at org.junit.jupiter.api.AssertionUtils.failNotEqual(AssertionUtils.java:62)
	at org.junit.jupiter.api.AssertEquals.assertEquals(AssertEquals.java:182)
	at org.junit.jupiter.api.AssertEquals.assertEquals(AssertEquals.java:177)
	at org.junit.jupiter.api.Assertions.assertEquals(Assertions.java:1124)
	at michal.wieczorek.carstore.Model.AppModelTest.testGetRaportsList(AppModelTest.java:255)

