-------------------------------------------------------------------------------
Test set: michal.wieczorek.carstore.Model.Raport.RaportTest
-------------------------------------------------------------------------------
Tests run: 2, Failures: 1, Errors: 0, Skipped: 0, Time elapsed: 0.001 s <<< FAILURE! - in michal.wieczorek.carstore.Model.Raport.RaportTest
testCalculateTotalPrice  Time elapsed: 0.001 s  <<< FAILURE!
org.opentest4j.AssertionFailedError: Unable to calculate Premium Users in total price ==> expected: <170.0> but was: <270.0>
	at michal.wieczorek.carstore.Model.Raport.RaportTest.testCalculateTotalPrice(RaportTest.java:43)

