<?xml version="1.0" encoding="UTF-8" ?>
<testsuite tests="5" failures="5" name="michal.wieczorek.carstore.Model.Car.CarTest" time="0" errors="0" skipped="0">
  <properties>
[...]
</properties>
  <testcase classname="michal.wieczorek.carstore.Model.Car.CarTest" name="michal.wieczorek.carstore.Model.Car.CarTest.testRentCar" time="0">
    <failure message="Cannot invoke &quot;michal.wieczorek.carstore.Model.Car.Car.rentCar()&quot; because &quot;instance&quot; is null" type="java.lang.NullPointerException">java.lang.NullPointerException: Cannot invoke &quot;michal.wieczorek.carstore.Model.Car.Car.rentCar()&quot; because &quot;instance&quot; is null
	at michal.wieczorek.carstore.Model.Car.CarTest.testRentCar(CarTest.java:46)
</failure>
    <system-out>rentCar
</system-out>
  </testcase>
  <testcase classname="michal.wieczorek.carstore.Model.Car.CarTest" name="michal.wieczorek.carstore.Model.Car.CarTest.testReturnCar" time="0">
    <failure message="Cannot invoke &quot;michal.wieczorek.carstore.Model.Car.Car.returnCar()&quot; because &quot;instance&quot; is null" type="java.lang.NullPointerException">java.lang.NullPointerException: Cannot invoke &quot;michal.wieczorek.carstore.Model.Car.Car.returnCar()&quot; because &quot;instance&quot; is null
	at michal.wieczorek.carstore.Model.Car.CarTest.testReturnCar(CarTest.java:58)
</failure>
    <system-out>returnCar
</system-out>
  </testcase>
  <testcase classname="michal.wieczorek.carstore.Model.Car.CarTest" name="michal.wieczorek.carstore.Model.Car.CarTest.testGetMark" time="0">
    <failure message="Cannot invoke &quot;michal.wieczorek.carstore.Model.Car.Car.getMark()&quot; because &quot;instance&quot; is null" type="java.lang.NullPointerException">java.lang.NullPointerException: Cannot invoke &quot;michal.wieczorek.carstore.Model.Car.Car.getMark()&quot; because &quot;instance&quot; is null
	at michal.wieczorek.carstore.Model.Car.CarTest.testGetMark(CarTest.java:85)
</failure>
    <system-out>getMark
</system-out>
  </testcase>
  <testcase classname="michal.wieczorek.carstore.Model.Car.CarTest" name="michal.wieczorek.carstore.Model.Car.CarTest.testGetIsAvaible" time="0">
    <failure message="Cannot invoke &quot;michal.wieczorek.carstore.Model.Car.Car.getIsAvaible()&quot; because &quot;instance&quot; is null" type="java.lang.NullPointerException">java.lang.NullPointerException: Cannot invoke &quot;michal.wieczorek.carstore.Model.Car.Car.getIsAvaible()&quot; because &quot;instance&quot; is null
	at michal.wieczorek.carstore.Model.Car.CarTest.testGetIsAvaible(CarTest.java:99)
</failure>
    <system-out>getIsAvaible
</system-out>
  </testcase>
  <testcase classname="michal.wieczorek.carstore.Model.Car.CarTest" name="michal.wieczorek.carstore.Model.Car.CarTest.testGetName" time="0">
    <failure message="Cannot invoke &quot;michal.wieczorek.carstore.Model.Car.Car.getName()&quot; because &quot;instance&quot; is null" type="java.lang.NullPointerException">java.lang.NullPointerException: Cannot invoke &quot;michal.wieczorek.carstore.Model.Car.Car.getName()&quot; because &quot;instance&quot; is null
	at michal.wieczorek.carstore.Model.Car.CarTest.testGetName(CarTest.java:71)
</failure>
    <system-out>getName
</system-out>
  </testcase>
</testsuite>