<?xml version="1.0" encoding="UTF-8" ?>
<testsuite tests="16" failures="16" name="michal.wieczorek.carstore.Model.AppModelTest" time="0.169" errors="0" skipped="0">
  <properties>
[...]
</properties>
  <testcase classname="michal.wieczorek.carstore.Model.AppModelTest" name="michal.wieczorek.carstore.Model.AppModelTest.testRemoveCustomerFromRaport" time="0.041">
    <failure message="The test case is a prototype." type="org.opentest4j.AssertionFailedError">org.opentest4j.AssertionFailedError: The test case is a prototype.
	at org.junit.jupiter.api.AssertionUtils.fail(AssertionUtils.java:39)
	at org.junit.jupiter.api.Assertions.fail(Assertions.java:109)
	at michal.wieczorek.carstore.Model.AppModelTest.testRemoveCustomerFromRaport(AppModelTest.java:231)
</failure>
    <system-out>removeCustomerFromRaport
</system-out>
  </testcase>
  <testcase classname="michal.wieczorek.carstore.Model.AppModelTest" name="michal.wieczorek.carstore.Model.AppModelTest.testAddCustomerToRaport" time="0">
    <failure message="The test case is a prototype." type="org.opentest4j.AssertionFailedError">org.opentest4j.AssertionFailedError: The test case is a prototype.
	at org.junit.jupiter.api.AssertionUtils.fail(AssertionUtils.java:39)
	at org.junit.jupiter.api.Assertions.fail(Assertions.java:109)
	at michal.wieczorek.carstore.Model.AppModelTest.testAddCustomerToRaport(AppModelTest.java:218)
</failure>
    <system-out>addCustomerToRaport
</system-out>
  </testcase>
  <testcase classname="michal.wieczorek.carstore.Model.AppModelTest" name="michal.wieczorek.carstore.Model.AppModelTest.testGetCarsA" time="0.032">
    <failure message="expected: &lt;null&gt; but was: &lt;[michal.wieczorek.carstore.Model.Car.CarA@123a439b, michal.wieczorek.carstore.Model.Car.CarA@7de26db8, michal.wieczorek.carstore.Model.Car.CarA@1175e2db]&gt;" type="org.opentest4j.AssertionFailedError">org.opentest4j.AssertionFailedError: expected: &lt;null&gt; but was: &lt;[michal.wieczorek.carstore.Model.Car.CarA@123a439b, michal.wieczorek.carstore.Model.Car.CarA@7de26db8, michal.wieczorek.carstore.Model.Car.CarA@1175e2db]&gt;
	at org.junit.jupiter.api.AssertionUtils.fail(AssertionUtils.java:55)
	at org.junit.jupiter.api.AssertionUtils.failNotEqual(AssertionUtils.java:62)
	at org.junit.jupiter.api.AssertEquals.assertEquals(AssertEquals.java:182)
	at org.junit.jupiter.api.AssertEquals.assertEquals(AssertEquals.java:177)
	at org.junit.jupiter.api.Assertions.assertEquals(Assertions.java:1124)
	at michal.wieczorek.carstore.Model.AppModelTest.testGetCarsA(AppModelTest.java:54)
</failure>
    <system-out>getCarsA
</system-out>
  </testcase>
  <testcase classname="michal.wieczorek.carstore.Model.AppModelTest" name="michal.wieczorek.carstore.Model.AppModelTest.testGetCarsB" time="0.001">
    <failure message="expected: &lt;null&gt; but was: &lt;[michal.wieczorek.carstore.Model.Car.CarB@41a4555e, michal.wieczorek.carstore.Model.Car.CarB@3830f1c0, michal.wieczorek.carstore.Model.Car.CarB@39ed3c8d]&gt;" type="org.opentest4j.AssertionFailedError">org.opentest4j.AssertionFailedError: expected: &lt;null&gt; but was: &lt;[michal.wieczorek.carstore.Model.Car.CarB@41a4555e, michal.wieczorek.carstore.Model.Car.CarB@3830f1c0, michal.wieczorek.carstore.Model.Car.CarB@39ed3c8d]&gt;
	at org.junit.jupiter.api.AssertionUtils.fail(AssertionUtils.java:55)
	at org.junit.jupiter.api.AssertionUtils.failNotEqual(AssertionUtils.java:62)
	at org.junit.jupiter.api.AssertEquals.assertEquals(AssertEquals.java:182)
	at org.junit.jupiter.api.AssertEquals.assertEquals(AssertEquals.java:177)
	at org.junit.jupiter.api.Assertions.assertEquals(Assertions.java:1124)
	at michal.wieczorek.carstore.Model.AppModelTest.testGetCarsB(AppModelTest.java:68)
</failure>
    <system-out>getCarsB
</system-out>
  </testcase>
  <testcase classname="michal.wieczorek.carstore.Model.AppModelTest" name="michal.wieczorek.carstore.Model.AppModelTest.testGetCarsC" time="0.002">
    <failure message="expected: &lt;null&gt; but was: &lt;[michal.wieczorek.carstore.Model.Car.CarC@2d363fb3, michal.wieczorek.carstore.Model.Car.CarC@7d6f77cc, michal.wieczorek.carstore.Model.Car.CarC@5aaa6d82]&gt;" type="org.opentest4j.AssertionFailedError">org.opentest4j.AssertionFailedError: expected: &lt;null&gt; but was: &lt;[michal.wieczorek.carstore.Model.Car.CarC@2d363fb3, michal.wieczorek.carstore.Model.Car.CarC@7d6f77cc, michal.wieczorek.carstore.Model.Car.CarC@5aaa6d82]&gt;
	at org.junit.jupiter.api.AssertionUtils.fail(AssertionUtils.java:55)
	at org.junit.jupiter.api.AssertionUtils.failNotEqual(AssertionUtils.java:62)
	at org.junit.jupiter.api.AssertEquals.assertEquals(AssertEquals.java:182)
	at org.junit.jupiter.api.AssertEquals.assertEquals(AssertEquals.java:177)
	at org.junit.jupiter.api.Assertions.assertEquals(Assertions.java:1124)
	at michal.wieczorek.carstore.Model.AppModelTest.testGetCarsC(AppModelTest.java:82)
</failure>
    <system-out>getCarsC
</system-out>
  </testcase>
  <testcase classname="michal.wieczorek.carstore.Model.AppModelTest" name="michal.wieczorek.carstore.Model.AppModelTest.testHandleLogin" time="0.003">
    <failure message="Cannot invoke &quot;java.util.ArrayList.get(int)&quot; because &quot;loginData&quot; is null" type="java.lang.NullPointerException">java.lang.NullPointerException: Cannot invoke &quot;java.util.ArrayList.get(int)&quot; because &quot;loginData&quot; is null
	at michal.wieczorek.carstore.Model.AppModel.handleLogin(AppModel.java:132)
	at michal.wieczorek.carstore.Model.AppModelTest.testHandleLogin(AppModelTest.java:96)
</failure>
    <system-out>handleLogin
</system-out>
  </testcase>
  <testcase classname="michal.wieczorek.carstore.Model.AppModelTest" name="michal.wieczorek.carstore.Model.AppModelTest.testCreateNewUser" time="0.002">
    <failure message="Cannot invoke &quot;java.util.ArrayList.get(int)&quot; because &quot;userAttributes&quot; is null" type="java.lang.NullPointerException">java.lang.NullPointerException: Cannot invoke &quot;java.util.ArrayList.get(int)&quot; because &quot;userAttributes&quot; is null
	at michal.wieczorek.carstore.Model.AppModel.createNewUser(AppModel.java:182)
	at michal.wieczorek.carstore.Model.AppModelTest.testCreateNewUser(AppModelTest.java:111)
</failure>
    <system-out>createNewUser
</system-out>
  </testcase>
  <testcase classname="michal.wieczorek.carstore.Model.AppModelTest" name="michal.wieczorek.carstore.Model.AppModelTest.testReserveCarA" time="0.002">
    <failure message="The test case is a prototype." type="org.opentest4j.AssertionFailedError">org.opentest4j.AssertionFailedError: The test case is a prototype.
	at org.junit.jupiter.api.AssertionUtils.fail(AssertionUtils.java:39)
	at org.junit.jupiter.api.Assertions.fail(Assertions.java:109)
	at michal.wieczorek.carstore.Model.AppModelTest.testReserveCarA(AppModelTest.java:126)
</failure>
    <system-out>reserveCarA
</system-out>
  </testcase>
  <testcase classname="michal.wieczorek.carstore.Model.AppModelTest" name="michal.wieczorek.carstore.Model.AppModelTest.testReturnCarA" time="0.001">
    <failure message="The test case is a prototype." type="org.opentest4j.AssertionFailedError">org.opentest4j.AssertionFailedError: The test case is a prototype.
	at org.junit.jupiter.api.AssertionUtils.fail(AssertionUtils.java:39)
	at org.junit.jupiter.api.Assertions.fail(Assertions.java:109)
	at michal.wieczorek.carstore.Model.AppModelTest.testReturnCarA(AppModelTest.java:139)
</failure>
    <system-out>returnCarA
</system-out>
  </testcase>
  <testcase classname="michal.wieczorek.carstore.Model.AppModelTest" name="michal.wieczorek.carstore.Model.AppModelTest.testReserveCarB" time="0.001">
    <failure message="The test case is a prototype." type="org.opentest4j.AssertionFailedError">org.opentest4j.AssertionFailedError: The test case is a prototype.
	at org.junit.jupiter.api.AssertionUtils.fail(AssertionUtils.java:39)
	at org.junit.jupiter.api.Assertions.fail(Assertions.java:109)
	at michal.wieczorek.carstore.Model.AppModelTest.testReserveCarB(AppModelTest.java:152)
</failure>
    <system-out>reserveCarB
</system-out>
  </testcase>
  <testcase classname="michal.wieczorek.carstore.Model.AppModelTest" name="michal.wieczorek.carstore.Model.AppModelTest.testReturnCarB" time="0.001">
    <failure message="The test case is a prototype." type="org.opentest4j.AssertionFailedError">org.opentest4j.AssertionFailedError: The test case is a prototype.
	at org.junit.jupiter.api.AssertionUtils.fail(AssertionUtils.java:39)
	at org.junit.jupiter.api.Assertions.fail(Assertions.java:109)
	at michal.wieczorek.carstore.Model.AppModelTest.testReturnCarB(AppModelTest.java:165)
</failure>
    <system-out>returnCarB
</system-out>
  </testcase>
  <testcase classname="michal.wieczorek.carstore.Model.AppModelTest" name="michal.wieczorek.carstore.Model.AppModelTest.testReserveCarC" time="0.001">
    <failure message="The test case is a prototype." type="org.opentest4j.AssertionFailedError">org.opentest4j.AssertionFailedError: The test case is a prototype.
	at org.junit.jupiter.api.AssertionUtils.fail(AssertionUtils.java:39)
	at org.junit.jupiter.api.Assertions.fail(Assertions.java:109)
	at michal.wieczorek.carstore.Model.AppModelTest.testReserveCarC(AppModelTest.java:178)
</failure>
    <system-out>reserveCarC
</system-out>
  </testcase>
  <testcase classname="michal.wieczorek.carstore.Model.AppModelTest" name="michal.wieczorek.carstore.Model.AppModelTest.testGetCurrentUser" time="0.002">
    <failure message="expected: &lt;null&gt; but was: &lt;michal.wieczorek.carstore.Model.User.User@16b3fc9e&gt;" type="org.opentest4j.AssertionFailedError">org.opentest4j.AssertionFailedError: expected: &lt;null&gt; but was: &lt;michal.wieczorek.carstore.Model.User.User@16b3fc9e&gt;
	at org.junit.jupiter.api.AssertionUtils.fail(AssertionUtils.java:55)
	at org.junit.jupiter.api.AssertionUtils.failNotEqual(AssertionUtils.java:62)
	at org.junit.jupiter.api.AssertEquals.assertEquals(AssertEquals.java:182)
	at org.junit.jupiter.api.AssertEquals.assertEquals(AssertEquals.java:177)
	at org.junit.jupiter.api.Assertions.assertEquals(Assertions.java:1124)
	at michal.wieczorek.carstore.Model.AppModelTest.testGetCurrentUser(AppModelTest.java:203)
</failure>
    <system-out>getCurrentUser
</system-out>
  </testcase>
  <testcase classname="michal.wieczorek.carstore.Model.AppModelTest" name="michal.wieczorek.carstore.Model.AppModelTest.testGenerateRaport" time="0.077">
    <failure message="The test case is a prototype." type="org.opentest4j.AssertionFailedError">org.opentest4j.AssertionFailedError: The test case is a prototype.
	at org.junit.jupiter.api.AssertionUtils.fail(AssertionUtils.java:39)
	at org.junit.jupiter.api.Assertions.fail(Assertions.java:109)
	at michal.wieczorek.carstore.Model.AppModelTest.testGenerateRaport(AppModelTest.java:243)
</failure>
    <system-out>generateRaport
</system-out>
  </testcase>
  <testcase classname="michal.wieczorek.carstore.Model.AppModelTest" name="michal.wieczorek.carstore.Model.AppModelTest.testReturnCarC" time="0.001">
    <failure message="The test case is a prototype." type="org.opentest4j.AssertionFailedError">org.opentest4j.AssertionFailedError: The test case is a prototype.
	at org.junit.jupiter.api.AssertionUtils.fail(AssertionUtils.java:39)
	at org.junit.jupiter.api.Assertions.fail(Assertions.java:109)
	at michal.wieczorek.carstore.Model.AppModelTest.testReturnCarC(AppModelTest.java:191)
</failure>
    <system-out>returnCarC
</system-out>
  </testcase>
  <testcase classname="michal.wieczorek.carstore.Model.AppModelTest" name="michal.wieczorek.carstore.Model.AppModelTest.testGetRaportsList" time="0.002">
    <failure message="expected: &lt;null&gt; but was: &lt;[]&gt;" type="org.opentest4j.AssertionFailedError">org.opentest4j.AssertionFailedError: expected: &lt;null&gt; but was: &lt;[]&gt;
	at org.junit.jupiter.api.AssertionUtils.fail(AssertionUtils.java:55)
	at org.junit.jupiter.api.AssertionUtils.failNotEqual(AssertionUtils.java:62)
	at org.junit.jupiter.api.AssertEquals.assertEquals(AssertEquals.java:182)
	at org.junit.jupiter.api.AssertEquals.assertEquals(AssertEquals.java:177)
	at org.junit.jupiter.api.Assertions.assertEquals(Assertions.java:1124)
	at michal.wieczorek.carstore.Model.AppModelTest.testGetRaportsList(AppModelTest.java:255)
</failure>
    <system-out>getRaportsList
</system-out>
  </testcase>
</testsuite>