<?xml version="1.0" encoding="UTF-8" ?>
<testsuite tests="2" failures="2" name="michal.wieczorek.carstore.Model.Car.CarBTest" time="0.001" errors="0" skipped="0">
  <properties>
[...]
</properties>
  <testcase classname="michal.wieczorek.carstore.Model.Car.CarBTest" name="michal.wieczorek.carstore.Model.Car.CarBTest.testSetPrice" time="0">
    <failure message="The test case is a prototype." type="org.opentest4j.AssertionFailedError">org.opentest4j.AssertionFailedError: The test case is a prototype.
	at org.junit.jupiter.api.AssertionUtils.fail(AssertionUtils.java:39)
	at org.junit.jupiter.api.Assertions.fail(Assertions.java:109)
	at michal.wieczorek.carstore.Model.Car.CarBTest.testSetPrice(CarBTest.java:61)
</failure>
    <system-out>setPrice
</system-out>
  </testcase>
  <testcase classname="michal.wieczorek.carstore.Model.Car.CarBTest" name="michal.wieczorek.carstore.Model.Car.CarBTest.testGetPrice" time="0.001">
    <failure message="The test case is a prototype." type="org.opentest4j.AssertionFailedError">org.opentest4j.AssertionFailedError: The test case is a prototype.
	at org.junit.jupiter.api.AssertionUtils.fail(AssertionUtils.java:39)
	at org.junit.jupiter.api.Assertions.fail(Assertions.java:109)
	at michal.wieczorek.carstore.Model.Car.CarBTest.testGetPrice(CarBTest.java:49)
</failure>
    <system-out>getPrice
</system-out>
  </testcase>
</testsuite>